<?xml version="1.0" encoding="UTF-8"?>
<!-- Generated by org.testng.reporters.JUnitReportReporter -->
<testsuite hostname="DESKTOP-2VASQDQ" failures="0" tests="1" name="com.PageTestPackage.HomePageTest" time="5.500" errors="0" timestamp="06 Apr 2023 03:18:15 GMT" skipped="0">
  <testcase classname="com.PageTestPackage.HomePageTest" name="TestTitle" time="5.500"/>
</testsuite> <!-- com.PageTestPackage.HomePageTest -->
