<?xml version="1.0" encoding="UTF-8"?>
<!-- Generated by org.testng.reporters.JUnitReportReporter -->
<testsuite hostname="DESKTOP-2VASQDQ" failures="0" tests="1" name="com.PageTestPackage.LoginPageTest" time="4.097" errors="0" timestamp="08 Apr 2023 06:09:15 GMT" skipped="0">
  <testcase classname="com.PageTestPackage.LoginPageTest" name="VerifyLoginTitleTest" time="4.097"/>
</testsuite> <!-- com.PageTestPackage.LoginPageTest -->
