<?xml version="1.0" encoding="UTF-8"?>
<!-- Generated by org.testng.reporters.JUnitReportReporter -->
<testsuite hostname="DESKTOP-2VASQDQ" failures="0" tests="1" name="com.PageTestPackage.HomePageTest" time="9.838" errors="0" timestamp="08 Apr 2023 06:09:15 GMT" skipped="0">
  <testcase classname="com.PageTestPackage.HomePageTest" name="TestTitle" time="9.838"/>
</testsuite> <!-- com.PageTestPackage.HomePageTest -->
